<?xml version="1.0" encoding="UTF-8"?>
<!-- Generated by org.testng.reporters.JUnitReportReporter -->
<testsuite hostname="LAPTOP-8Q0369N3" failures="0" tests="1" name="test.excel" time="1.069" errors="0" timestamp="2022-12-22T14:50:51 IST" skipped="0">
  <testcase classname="test.excel" name="m1" time="1.069"/>
  <system-out/>
</testsuite> <!-- test.excel -->
