<?xml version="1.0" encoding="UTF-8"?>
<!-- Generated by org.testng.reporters.JUnitReportReporter -->
<testsuite hostname="LAPTOP-8Q0369N3" failures="0" tests="3" name="demo.JsonTest" time="0.016" errors="0" timestamp="2022-12-26T15:33:48 IST" skipped="0">
  <testcase classname="demo.JsonTest" name="m1" time="0.002"/>
  <system-out/>
  <testcase classname="demo.JsonTest" name="m1" time="0.012"/>
  <system-out/>
  <testcase classname="demo.JsonTest" name="m1" time="0.002"/>
  <system-out/>
</testsuite> <!-- demo.JsonTest -->
