<?xml version="1.0" encoding="UTF-8"?>
<!-- Generated by org.testng.reporters.JUnitReportReporter -->
<testsuite hostname="LAPTOP-8Q0369N3" failures="0" tests="1" name="demo.jsontest1" time="0.025" errors="0" timestamp="2022-12-26T14:45:57 IST" skipped="0">
  <testcase classname="demo.jsontest1" name="m1" time="0.025"/>
  <system-out/>
</testsuite> <!-- demo.jsontest1 -->
