<?xml version="1.0" encoding="UTF-8"?>
<!-- Generated by org.testng.reporters.JUnitReportReporter -->
<testsuite hostname="LAPTOP-8Q0369N3" failures="0" tests="1" name="com.ReactShoppingCart.TestCases.VerifyProductsAvailableMessageTest" time="22.669" errors="0" timestamp="2023-03-11T12:25:45 IST" skipped="0">
  <testcase classname="com.ReactShoppingCart.TestCases.VerifyProductsAvailableMessageTest" name="VerifyProductsAvailableMessageTest" time="22.669"/>
  <system-out/>
</testsuite> <!-- com.ReactShoppingCart.TestCases.VerifyProductsAvailableMessageTest -->
