<?xml version="1.0" encoding="UTF-8"?>
<!-- Generated by org.testng.reporters.JUnitReportReporter -->
<testsuite hostname="LAPTOP-8Q0369N3" failures="0" tests="1" name="com.ReactShoppingCart.TestCases.HomePageTest" time="85.629" errors="0" timestamp="2023-03-11T17:49:00 IST" skipped="0">
  <testcase classname="com.ReactShoppingCart.TestCases.HomePageTest" name="VerifyProductisAddedtoCartTest" time="85.629"/>
  <system-out/>
</testsuite> <!-- com.ReactShoppingCart.TestCases.HomePageTest -->
