<?xml version="1.0" encoding="UTF-8"?>
<!-- Generated by org.testng.reporters.JUnitReportReporter -->
<testsuite hostname="LAPTOP-8Q0369N3" failures="0" tests="1" name="Base.child" time="0.013" errors="0" timestamp="2023-01-30T12:21:12 IST" skipped="0">
  <testcase classname="Base.child" name="main" time="0.013"/>
  <system-out/>
</testsuite> <!-- Base.child -->
