<?xml version="1.0" encoding="UTF-8"?>
<!-- Generated by org.testng.reporters.JUnitReportReporter -->
<testsuite hostname="LAPTOP-8Q0369N3" failures="0" tests="1" name="Base.BaseClass" time="7.704" errors="0" timestamp="16 Dec 2022 09:26:01 GMT" skipped="0">
  <testcase classname="Base.BaseClass" name="Setup" time="7.704"/>
</testsuite> <!-- Base.BaseClass -->
