<?xml version="1.0" encoding="UTF-8"?>
<!-- Generated by org.testng.reporters.JUnitReportReporter -->
<testsuite hostname="LAPTOP-8Q0369N3" failures="0" tests="1" name="TestCases.TestcaseAmazonColor" time="7.714" errors="0" timestamp="2023-01-26T11:07:43 IST" skipped="0">
  <testcase classname="TestCases.TestcaseAmazonColor" name="checkingcoloryeloowPresentornot" time="7.714"/>
  <system-out/>
</testsuite> <!-- TestCases.TestcaseAmazonColor -->
