<?xml version="1.0" encoding="UTF-8"?>
<!-- Generated by org.testng.reporters.JUnitReportReporter -->
<testsuite hostname="LAPTOP-8Q0369N3" failures="0" tests="1" name="TestCases.BuyaMobile_Test" time="31.487" errors="0" timestamp="2022-12-17T11:02:28 IST" skipped="0">
  <testcase classname="TestCases.BuyaMobile_Test" name="CheckMobilePurchase" time="31.487"/>
  <system-out/>
</testsuite> <!-- TestCases.BuyaMobile_Test -->
